<?xml version="1.0" encoding="UTF-8"?>
<testsuite name="HexStringGeneratorTest" tests="1" skipped="0" failures="0" errors="0" timestamp="2024-12-02T04:07:43" hostname="Jalens-MBP.fios-router.home" time="0.005">
  <properties/>
  <testcase name="testGenerateRandomHex()" classname="HexStringGeneratorTest" time="0.005"/>
  <system-out><![CDATA[]]></system-out>
  <system-err><![CDATA[]]></system-err>
</testsuite>
